processing ...
[Merge Type]:merge
[ALL] project in process  -----------------------------------------
>> ../component/auto.js     loaded... 16461 byte.
>> ../component/imagescale.js     loaded... 3348 byte.
>> ../component/masker.js     loaded... 1114 byte.
>> ../component/net.js     loaded... 4127 byte.
>> ../component/popup.js     loaded... 20706 byte.
>> ../component/simpleimageuploader.js     loaded... 0 byte.
>> ../component/slide.js     loaded... 3955 byte.
>> ../component/table.js     loaded... 1057 byte.
>> ../component/tabswitcher.js     loaded... 1064 byte.
>> ../component/msg.js     loaded... 3188 byte.
>> ../component/util.js     loaded... 5754 byte.
>> ../component/partialcheck.js     loaded... 2503 byte.
>> ../component/placeholder.js     loaded... 1419 byte.
>> ../component/timepicker.js     loaded... 841 byte.
>> ../component/tip.js     loaded... 3343 byte.
>> ../component/validator.js     loaded... 6701 byte.
>> ../component/selectui.js     loaded... 1399 byte.

merge target files...

min target file...

Write file for release... done.  File length: 54430 byte.

[ALL] builded success ------------------------------------


done.
